{"name":"Create a new user","id":"utest;create-a-new-user","testSteps":[{"number":1,"description":"Given than John want to created a new user at the uTest","duration":22285,"startTime":"2021-02-23T12:31:49.241-06:00[America/Mexico_City]","screenshots":[{"screenshot":"950ac91c59efe23196d9d7979f786ed11ef5605e6be0983a6adabf6f6164041e.png","timeStamp":1614105131526}],"result":"SUCCESS","precondition":false,"level":0,"lineNumber":0,"children":[{"number":2,"description":"Brandon open up","duration":20848,"startTime":"2021-02-23T12:31:50.122-06:00[America/Mexico_City]","screenshots":[{"screenshot":"950ac91c59efe23196d9d7979f786ed11ef5605e6be0983a6adabf6f6164041e.png","timeStamp":1614105130970}],"result":"SUCCESS","precondition":false,"level":1,"lineNumber":0,"children":[{"number":3,"description":"Brandon opens the U test page","duration":20153,"startTime":"2021-02-23T12:31:50.162-06:00[America/Mexico_City]","screenshots":[{"screenshot":"950ac91c59efe23196d9d7979f786ed11ef5605e6be0983a6adabf6f6164041e.png","timeStamp":1614105130315}],"result":"SUCCESS","precondition":false,"level":2,"lineNumber":0}]}]},{"number":4,"description":"When he register your personal information at the uTest\r\n| strFirstName | strLastName | strEmail | strPassword | strConfPassword |\r\n| John | Cifuentes | jcifuentes23@gmail.com | -Test2021.* | -Test2021.* |","duration":51601,"startTime":"2021-02-23T12:32:11.526-06:00[America/Mexico_City]","exception":{"errorType":"net.thucydides.core.webdriver.exceptions.ElementShouldBeEnabledException","message":"Expected enabled element was not enabled","stackTrace":[{"declaringClass":"co.com.choucair.certification.reto.tasks.Join","methodName":"performAs","fileName":"Join.java","lineNumber":34},{"declaringClass":"co.com.choucair.certification.reto.stepdefinitions.StepDefinitions","methodName":"heRegisterYourPersonalInformationAtTheUTest","fileName":"StepDefinitions.java","lineNumber":30},{"declaringClass":"cucumber.runner.Runner","methodName":"runPickle","fileName":"Runner.java","lineNumber":80}],"rootCause":{"errorType":"org.openqa.selenium.TimeoutException","message":"Expected condition failed: waiting for By.xpath: //h1[contains(text(),\u0027Welcome to the world\u0027s largest community of freelance software testers!\u0027)] to be enabled (tried for 5 second(s) with 100 milliseconds interval)","stackTrace":[{"declaringClass":"co.com.choucair.certification.reto.tasks.Join","methodName":"performAs","fileName":"Join.java","lineNumber":34},{"declaringClass":"co.com.choucair.certification.reto.stepdefinitions.StepDefinitions","methodName":"heRegisterYourPersonalInformationAtTheUTest","fileName":"StepDefinitions.java","lineNumber":30},{"declaringClass":"cucumber.runner.Runner","methodName":"runPickle","fileName":"Runner.java","lineNumber":80}],"rootCause":{"errorType":"org.openqa.selenium.InvalidSelectorException","message":"invalid selector: Unable to locate an element with the xpath expression //h1[contains(text(),\u0027Welcome to the world\u0027s largest community of freelance software testers!\u0027)] because of the following error:\nSyntaxError: Failed to execute \u0027evaluate\u0027 on \u0027Document\u0027: The string \u0027//h1[contains(text(),\u0027Welcome to the world\u0027s largest community of freelance software testers!\u0027)]\u0027 is not a valid XPath expression.\n  (Session info: chrome\u003d88.0.4324.182)\nFor documentation on this error, please visit: https://www.seleniumhq.org/exceptions/invalid_selector_exception.html\nBuild info: version: \u00273.141.59\u0027, revision: \u0027e82be7d358\u0027, time: \u00272018-11-14T08:17:03\u0027\nSystem info: host: \u0027DESKTOP-JF9POI3\u0027, ip: \u0027192.168.0.13\u0027, os.name: \u0027Windows 10\u0027, os.arch: \u0027amd64\u0027, os.version: \u002710.0\u0027, java.version: \u00271.8.0_241\u0027\nDriver info: org.openqa.selenium.chrome.ChromeDriver\nCapabilities {acceptInsecureCerts: false, browserName: chrome, browserVersion: 88.0.4324.182, chrome: {chromedriverVersion: 88.0.4324.96 (68dba2d8a0b14..., userDataDir: C:\\Users\\ROCO~1\\AppData\\Loc...}, goog:chromeOptions: {debuggerAddress: localhost:53733}, javascriptEnabled: true, networkConnectionEnabled: false, pageLoadStrategy: normal, platform: WINDOWS, platformName: WINDOWS, proxy: Proxy(), setWindowRect: true, strictFileInteractability: false, timeouts: {implicit: 0, pageLoad: 300000, script: 30000}, unhandledPromptBehavior: dismiss and notify, webauthn:extension:largeBlob: true, webauthn:virtualAuthenticators: true}\nSession ID: 7094acaab79a284fd6a532a0e75050c2\n*** Element info: {Using\u003dxpath, value\u003d//h1[contains(text(),\u0027Welcome to the world\u0027s largest community of freelance software testers!\u0027)]}","stackTrace":[{"declaringClass":"co.com.choucair.certification.reto.tasks.Join","methodName":"performAs","fileName":"Join.java","lineNumber":34},{"declaringClass":"co.com.choucair.certification.reto.stepdefinitions.StepDefinitions","methodName":"heRegisterYourPersonalInformationAtTheUTest","fileName":"StepDefinitions.java","lineNumber":30},{"declaringClass":"cucumber.runner.Runner","methodName":"runPickle","fileName":"Runner.java","lineNumber":80}]}}},"result":"FAILURE","precondition":false,"level":0,"lineNumber":0,"children":[{"number":5,"description":"Brandon join","duration":51493,"startTime":"2021-02-23T12:32:11.605-06:00[America/Mexico_City]","exception":{"errorType":"net.thucydides.core.webdriver.exceptions.ElementShouldBeEnabledException","message":"Expected enabled element was not enabled","stackTrace":[{"declaringClass":"co.com.choucair.certification.reto.tasks.Join","methodName":"performAs","fileName":"Join.java","lineNumber":34},{"declaringClass":"co.com.choucair.certification.reto.stepdefinitions.StepDefinitions","methodName":"heRegisterYourPersonalInformationAtTheUTest","fileName":"StepDefinitions.java","lineNumber":30},{"declaringClass":"cucumber.runner.Runner","methodName":"runPickle","fileName":"Runner.java","lineNumber":80}],"rootCause":{"errorType":"org.openqa.selenium.TimeoutException","message":"Expected condition failed: waiting for By.xpath: //h1[contains(text(),\u0027Welcome to the world\u0027s largest community of freelance software testers!\u0027)] to be enabled (tried for 5 second(s) with 100 milliseconds interval)","stackTrace":[{"declaringClass":"co.com.choucair.certification.reto.tasks.Join","methodName":"performAs","fileName":"Join.java","lineNumber":34},{"declaringClass":"co.com.choucair.certification.reto.stepdefinitions.StepDefinitions","methodName":"heRegisterYourPersonalInformationAtTheUTest","fileName":"StepDefinitions.java","lineNumber":30},{"declaringClass":"cucumber.runner.Runner","methodName":"runPickle","fileName":"Runner.java","lineNumber":80}],"rootCause":{"errorType":"org.openqa.selenium.InvalidSelectorException","message":"invalid selector: Unable to locate an element with the xpath expression //h1[contains(text(),\u0027Welcome to the world\u0027s largest community of freelance software testers!\u0027)] because of the following error:\nSyntaxError: Failed to execute \u0027evaluate\u0027 on \u0027Document\u0027: The string \u0027//h1[contains(text(),\u0027Welcome to the world\u0027s largest community of freelance software testers!\u0027)]\u0027 is not a valid XPath expression.\n  (Session info: chrome\u003d88.0.4324.182)\nFor documentation on this error, please visit: https://www.seleniumhq.org/exceptions/invalid_selector_exception.html\nBuild info: version: \u00273.141.59\u0027, revision: \u0027e82be7d358\u0027, time: \u00272018-11-14T08:17:03\u0027\nSystem info: host: \u0027DESKTOP-JF9POI3\u0027, ip: \u0027192.168.0.13\u0027, os.name: \u0027Windows 10\u0027, os.arch: \u0027amd64\u0027, os.version: \u002710.0\u0027, java.version: \u00271.8.0_241\u0027\nDriver info: org.openqa.selenium.chrome.ChromeDriver\nCapabilities {acceptInsecureCerts: false, browserName: chrome, browserVersion: 88.0.4324.182, chrome: {chromedriverVersion: 88.0.4324.96 (68dba2d8a0b14..., userDataDir: C:\\Users\\ROCO~1\\AppData\\Loc...}, goog:chromeOptions: {debuggerAddress: localhost:53733}, javascriptEnabled: true, networkConnectionEnabled: false, pageLoadStrategy: normal, platform: WINDOWS, platformName: WINDOWS, proxy: Proxy(), setWindowRect: true, strictFileInteractability: false, timeouts: {implicit: 0, pageLoad: 300000, script: 30000}, unhandledPromptBehavior: dismiss and notify, webauthn:extension:largeBlob: true, webauthn:virtualAuthenticators: true}\nSession ID: 7094acaab79a284fd6a532a0e75050c2\n*** Element info: {Using\u003dxpath, value\u003d//h1[contains(text(),\u0027Welcome to the world\u0027s largest community of freelance software testers!\u0027)]}","stackTrace":[{"declaringClass":"co.com.choucair.certification.reto.tasks.Join","methodName":"performAs","fileName":"Join.java","lineNumber":34},{"declaringClass":"co.com.choucair.certification.reto.stepdefinitions.StepDefinitions","methodName":"heRegisterYourPersonalInformationAtTheUTest","fileName":"StepDefinitions.java","lineNumber":30},{"declaringClass":"cucumber.runner.Runner","methodName":"runPickle","fileName":"Runner.java","lineNumber":80}]}}},"result":"FAILURE","precondition":false,"level":1,"lineNumber":0,"children":[{"number":6,"description":"Brandon clicks on button that show the form information","duration":1489,"startTime":"2021-02-23T12:32:12.087-06:00[America/Mexico_City]","screenshots":[{"screenshot":"45f8f81168fe639cc139cbab4640c50c1f55323bfb8a87c57172eaa5c08cd89f.png","timeStamp":1614105133576}],"result":"SUCCESS","precondition":false,"level":2,"lineNumber":0},{"number":7,"description":"Brandon enters \u0027John\u0027 into input firtsname the new user","duration":4423,"startTime":"2021-02-23T12:32:13.581-06:00[America/Mexico_City]","screenshots":[{"screenshot":"ff65f3f894cdd7a7df04313c9914e4fdfac45f7e05d89c1e41f5d418b45e448c.png","timeStamp":1614105138004}],"result":"SUCCESS","precondition":false,"level":2,"lineNumber":0},{"number":8,"description":"Brandon enters \u0027Cifuentes\u0027 into input lastname the new user","duration":1715,"startTime":"2021-02-23T12:32:18.011-06:00[America/Mexico_City]","screenshots":[{"screenshot":"e51aa3e553ea07dff1428d826a56a792fd9daa8fdf731cce9376acbcca9f9ad6.png","timeStamp":1614105139726}],"result":"SUCCESS","precondition":false,"level":2,"lineNumber":0},{"number":9,"description":"Brandon enters \u0027jcifuentes23@gmail.com\u0027 into input email the new user","duration":4222,"startTime":"2021-02-23T12:32:19.730-06:00[America/Mexico_City]","screenshots":[{"screenshot":"8120f163882a925875c3a3dbd0cdf6b19869109dcc9804b3f16a7f363be52f59.png","timeStamp":1614105143951}],"result":"SUCCESS","precondition":false,"level":2,"lineNumber":0},{"number":10,"description":"Brandon clicks on input birth month the new user","duration":2130,"startTime":"2021-02-23T12:32:23.956-06:00[America/Mexico_City]","screenshots":[{"screenshot":"47c459e2d2f762d03d4fb83aa0a87a16ef86db94ae3c7e65905b10059f74003f.png","timeStamp":1614105146086}],"result":"SUCCESS","precondition":false,"level":2,"lineNumber":0},{"number":11,"description":"Brandon clicks on input birth month the new user","duration":1462,"startTime":"2021-02-23T12:32:26.089-06:00[America/Mexico_City]","screenshots":[{"screenshot":"4d2d5374b9f10b4b5678df9b5ca9dcfeb1857f23e2201eacd23dbde166aec3df.png","timeStamp":1614105147551}],"result":"SUCCESS","precondition":false,"level":2,"lineNumber":0},{"number":12,"description":"Brandon clicks on input birth day the new user","duration":1607,"startTime":"2021-02-23T12:32:27.554-06:00[America/Mexico_City]","screenshots":[{"screenshot":"47c1ffdeef4f11af4e082642b2443ec5329505c1562d071a57136c6d4d6d1e4c.png","timeStamp":1614105149161}],"result":"SUCCESS","precondition":false,"level":2,"lineNumber":0},{"number":13,"description":"Brandon clicks on input birth day the new user","duration":1554,"startTime":"2021-02-23T12:32:29.166-06:00[America/Mexico_City]","screenshots":[{"screenshot":"498126da2d93cc7f865507159e4576b6edd9e2165d83c2d1f63a32e6f2d5eeb9.png","timeStamp":1614105150720}],"result":"SUCCESS","precondition":false,"level":2,"lineNumber":0},{"number":14,"description":"Brandon clicks on select birth year","duration":1753,"startTime":"2021-02-23T12:32:30.724-06:00[America/Mexico_City]","screenshots":[{"screenshot":"ec1e309c546036433cf52d357ac871800cea954e2fc2f477b501f0c5951695c6.png","timeStamp":1614105152477}],"result":"SUCCESS","precondition":false,"level":2,"lineNumber":0},{"number":15,"description":"Brandon clicks on Select year","duration":1341,"startTime":"2021-02-23T12:32:32.481-06:00[America/Mexico_City]","screenshots":[{"screenshot":"ff519d5479415c45e760883ee2b98611b611e32b8247a9559b2fd3edcd4580a9.png","timeStamp":1614105153822}],"result":"SUCCESS","precondition":false,"level":2,"lineNumber":0},{"number":16,"description":"Brandon clicks on button that show the form location","duration":2771,"startTime":"2021-02-23T12:32:33.825-06:00[America/Mexico_City]","screenshots":[{"screenshot":"e00f70afb8f9efb39072728719647a4b479bc426dba990eeb1dfe7590a69e1d2.png","timeStamp":1614105156596}],"result":"SUCCESS","precondition":false,"level":2,"lineNumber":0},{"number":17,"description":"Brandon clicks on button that show the form devices","duration":4655,"startTime":"2021-02-23T12:32:36.601-06:00[America/Mexico_City]","screenshots":[{"screenshot":"a60c751df768c5fe568d7b10406bccd49e1a3c006ce7400a3220510449bb7d59.png","timeStamp":1614105161256}],"result":"SUCCESS","precondition":false,"level":2,"lineNumber":0},{"number":18,"description":"Brandon clicks on button that show the last form","duration":3952,"startTime":"2021-02-23T12:32:41.263-06:00[America/Mexico_City]","screenshots":[{"screenshot":"e723dba3d90d6d82f72857df8b669d5d407b7259861bf23e58a82f8b174d52b4.png","timeStamp":1614105165215}],"result":"SUCCESS","precondition":false,"level":2,"lineNumber":0},{"number":19,"description":"Brandon enters \u0027-Test2021.*\u0027 into Input password","duration":4219,"startTime":"2021-02-23T12:32:45.216-06:00[America/Mexico_City]","screenshots":[{"screenshot":"eaf842aec9228f63c066aeb1a616accdff9003db0dc76bd6f785095b47f30fe5.png","timeStamp":1614105169435}],"result":"SUCCESS","precondition":false,"level":2,"lineNumber":0},{"number":20,"description":"Brandon enters \u0027-Test2021.*\u0027 into Input confirm password","duration":1785,"startTime":"2021-02-23T12:32:49.443-06:00[America/Mexico_City]","screenshots":[{"screenshot":"00896313cef62075b67c42e288c8e6e9f3a652feaaca485ad2f0a369956300f9.png","timeStamp":1614105171228}],"result":"SUCCESS","precondition":false,"level":2,"lineNumber":0},{"number":21,"description":"Brandon clicks on read and accept the uTest Terms of Use and uTest Code of Conduct ","duration":1653,"startTime":"2021-02-23T12:32:51.244-06:00[America/Mexico_City]","screenshots":[{"screenshot":"afa0f73e747204328671249ca9edf6f6abe84189ebdb99e0cc3e83d90407f585.png","timeStamp":1614105172897}],"result":"SUCCESS","precondition":false,"level":2,"lineNumber":0},{"number":22,"description":"Brandon clicks on read and accept the Privacy \u0026 Security Policy ","duration":1454,"startTime":"2021-02-23T12:32:52.897-06:00[America/Mexico_City]","screenshots":[{"screenshot":"d80adbf499554f6363c987ecb4b5ebdb3d5d3a9b02272e67018a9f776bdd02c3.png","timeStamp":1614105174351}],"result":"SUCCESS","precondition":false,"level":2,"lineNumber":0},{"number":23,"description":"Brandon clicks on finish register","duration":1953,"startTime":"2021-02-23T12:32:54.351-06:00[America/Mexico_City]","screenshots":[{"screenshot":"aaf92bdce9823116e2cb36e70c08c6ae3d9b6573d8df370e408eaa282556c2d2.png","timeStamp":1614105176304}],"result":"SUCCESS","precondition":false,"level":2,"lineNumber":0},{"number":24,"description":"Brandon clicks on Welcome message","duration":6749,"startTime":"2021-02-23T12:32:56.314-06:00[America/Mexico_City]","screenshots":[{"screenshot":"32a6d8ba1cd706b32e90e60712150e3e7a7fbb847ea962bfcc7a0b1db993588e.png","htmlSource":"pagesource6353496806450441967.html.txt","timeStamp":1614105183047}],"exception":{"errorType":"net.thucydides.core.webdriver.exceptions.ElementShouldBeEnabledException","message":"Expected enabled element was not enabled","stackTrace":[{"declaringClass":"co.com.choucair.certification.reto.tasks.Join","methodName":"performAs","fileName":"Join.java","lineNumber":34},{"declaringClass":"co.com.choucair.certification.reto.stepdefinitions.StepDefinitions","methodName":"heRegisterYourPersonalInformationAtTheUTest","fileName":"StepDefinitions.java","lineNumber":30},{"declaringClass":"cucumber.runner.Runner","methodName":"runPickle","fileName":"Runner.java","lineNumber":80}],"rootCause":{"errorType":"org.openqa.selenium.TimeoutException","message":"Expected condition failed: waiting for By.xpath: //h1[contains(text(),\u0027Welcome to the world\u0027s largest community of freelance software testers!\u0027)] to be enabled (tried for 5 second(s) with 100 milliseconds interval)","stackTrace":[{"declaringClass":"co.com.choucair.certification.reto.tasks.Join","methodName":"performAs","fileName":"Join.java","lineNumber":34},{"declaringClass":"co.com.choucair.certification.reto.stepdefinitions.StepDefinitions","methodName":"heRegisterYourPersonalInformationAtTheUTest","fileName":"StepDefinitions.java","lineNumber":30},{"declaringClass":"cucumber.runner.Runner","methodName":"runPickle","fileName":"Runner.java","lineNumber":80}],"rootCause":{"errorType":"org.openqa.selenium.InvalidSelectorException","message":"invalid selector: Unable to locate an element with the xpath expression //h1[contains(text(),\u0027Welcome to the world\u0027s largest community of freelance software testers!\u0027)] because of the following error:\nSyntaxError: Failed to execute \u0027evaluate\u0027 on \u0027Document\u0027: The string \u0027//h1[contains(text(),\u0027Welcome to the world\u0027s largest community of freelance software testers!\u0027)]\u0027 is not a valid XPath expression.\n  (Session info: chrome\u003d88.0.4324.182)\nFor documentation on this error, please visit: https://www.seleniumhq.org/exceptions/invalid_selector_exception.html\nBuild info: version: \u00273.141.59\u0027, revision: \u0027e82be7d358\u0027, time: \u00272018-11-14T08:17:03\u0027\nSystem info: host: \u0027DESKTOP-JF9POI3\u0027, ip: \u0027192.168.0.13\u0027, os.name: \u0027Windows 10\u0027, os.arch: \u0027amd64\u0027, os.version: \u002710.0\u0027, java.version: \u00271.8.0_241\u0027\nDriver info: org.openqa.selenium.chrome.ChromeDriver\nCapabilities {acceptInsecureCerts: false, browserName: chrome, browserVersion: 88.0.4324.182, chrome: {chromedriverVersion: 88.0.4324.96 (68dba2d8a0b14..., userDataDir: C:\\Users\\ROCO~1\\AppData\\Loc...}, goog:chromeOptions: {debuggerAddress: localhost:53733}, javascriptEnabled: true, networkConnectionEnabled: false, pageLoadStrategy: normal, platform: WINDOWS, platformName: WINDOWS, proxy: Proxy(), setWindowRect: true, strictFileInteractability: false, timeouts: {implicit: 0, pageLoad: 300000, script: 30000}, unhandledPromptBehavior: dismiss and notify, webauthn:extension:largeBlob: true, webauthn:virtualAuthenticators: true}\nSession ID: 7094acaab79a284fd6a532a0e75050c2\n*** Element info: {Using\u003dxpath, value\u003d//h1[contains(text(),\u0027Welcome to the world\u0027s largest community of freelance software testers!\u0027)]}","stackTrace":[{"declaringClass":"co.com.choucair.certification.reto.tasks.Join","methodName":"performAs","fileName":"Join.java","lineNumber":34},{"declaringClass":"co.com.choucair.certification.reto.stepdefinitions.StepDefinitions","methodName":"heRegisterYourPersonalInformationAtTheUTest","fileName":"StepDefinitions.java","lineNumber":30},{"declaringClass":"cucumber.runner.Runner","methodName":"runPickle","fileName":"Runner.java","lineNumber":80}]}}},"result":"FAILURE","precondition":false,"level":2,"lineNumber":0}]}]},{"number":25,"description":"Then he is welcome at the platform uTest\r\n| strWelcomeMess |\r\n| Welcome to the world\u0027s largest community of freelance software testers! |","duration":5,"startTime":"2021-02-23T12:33:03.193-06:00[America/Mexico_City]","result":"SKIPPED","precondition":false,"level":0,"lineNumber":0}],"userStory":{"id":"utest","storyName":"uTest","path":"src/test/resources/features/uTest.feature","narrative":"  As an user, I want to create a new user at the page uTest","type":"feature"},"featureTag":{"name":"Features/uTest","type":"feature","displayName":"Features/uTest"},"title":"Create a new user","tags":[{"name":"uTest","type":"feature","displayName":"uTest"},{"name":"stories","type":"tag","displayName":"stories"}],"startTime":"2021-02-23T12:31:49.039-06:00[America/Mexico_City]","duration":74163,"testFailureCause":{"errorType":"net.thucydides.core.webdriver.exceptions.ElementShouldBeEnabledException","message":"Expected enabled element was not enabled","stackTrace":[{"declaringClass":"co.com.choucair.certification.reto.tasks.Join","methodName":"performAs","fileName":"Join.java","lineNumber":34},{"declaringClass":"co.com.choucair.certification.reto.stepdefinitions.StepDefinitions","methodName":"heRegisterYourPersonalInformationAtTheUTest","fileName":"StepDefinitions.java","lineNumber":30},{"declaringClass":"cucumber.runner.Runner","methodName":"runPickle","fileName":"Runner.java","lineNumber":80}],"rootCause":{"errorType":"org.openqa.selenium.TimeoutException","message":"Expected condition failed: waiting for By.xpath: //h1[contains(text(),\u0027Welcome to the world\u0027s largest community of freelance software testers!\u0027)] to be enabled (tried for 5 second(s) with 100 milliseconds interval)","stackTrace":[{"declaringClass":"co.com.choucair.certification.reto.tasks.Join","methodName":"performAs","fileName":"Join.java","lineNumber":34},{"declaringClass":"co.com.choucair.certification.reto.stepdefinitions.StepDefinitions","methodName":"heRegisterYourPersonalInformationAtTheUTest","fileName":"StepDefinitions.java","lineNumber":30},{"declaringClass":"cucumber.runner.Runner","methodName":"runPickle","fileName":"Runner.java","lineNumber":80}],"rootCause":{"errorType":"org.openqa.selenium.InvalidSelectorException","message":"invalid selector: Unable to locate an element with the xpath expression //h1[contains(text(),\u0027Welcome to the world\u0027s largest community of freelance software testers!\u0027)] because of the following error:\nSyntaxError: Failed to execute \u0027evaluate\u0027 on \u0027Document\u0027: The string \u0027//h1[contains(text(),\u0027Welcome to the world\u0027s largest community of freelance software testers!\u0027)]\u0027 is not a valid XPath expression.\n  (Session info: chrome\u003d88.0.4324.182)\nFor documentation on this error, please visit: https://www.seleniumhq.org/exceptions/invalid_selector_exception.html\nBuild info: version: \u00273.141.59\u0027, revision: \u0027e82be7d358\u0027, time: \u00272018-11-14T08:17:03\u0027\nSystem info: host: \u0027DESKTOP-JF9POI3\u0027, ip: \u0027192.168.0.13\u0027, os.name: \u0027Windows 10\u0027, os.arch: \u0027amd64\u0027, os.version: \u002710.0\u0027, java.version: \u00271.8.0_241\u0027\nDriver info: org.openqa.selenium.chrome.ChromeDriver\nCapabilities {acceptInsecureCerts: false, browserName: chrome, browserVersion: 88.0.4324.182, chrome: {chromedriverVersion: 88.0.4324.96 (68dba2d8a0b14..., userDataDir: C:\\Users\\ROCO~1\\AppData\\Loc...}, goog:chromeOptions: {debuggerAddress: localhost:53733}, javascriptEnabled: true, networkConnectionEnabled: false, pageLoadStrategy: normal, platform: WINDOWS, platformName: WINDOWS, proxy: Proxy(), setWindowRect: true, strictFileInteractability: false, timeouts: {implicit: 0, pageLoad: 300000, script: 30000}, unhandledPromptBehavior: dismiss and notify, webauthn:extension:largeBlob: true, webauthn:virtualAuthenticators: true}\nSession ID: 7094acaab79a284fd6a532a0e75050c2\n*** Element info: {Using\u003dxpath, value\u003d//h1[contains(text(),\u0027Welcome to the world\u0027s largest community of freelance software testers!\u0027)]}","stackTrace":[{"declaringClass":"co.com.choucair.certification.reto.tasks.Join","methodName":"performAs","fileName":"Join.java","lineNumber":34},{"declaringClass":"co.com.choucair.certification.reto.stepdefinitions.StepDefinitions","methodName":"heRegisterYourPersonalInformationAtTheUTest","fileName":"StepDefinitions.java","lineNumber":30},{"declaringClass":"cucumber.runner.Runner","methodName":"runPickle","fileName":"Runner.java","lineNumber":80}]}}},"testFailureClassname":"net.thucydides.core.webdriver.exceptions.ElementShouldBeEnabledException","testFailureMessage":"Expected enabled element was not enabled","testFailureSummary":"FAILURE;net.thucydides.core.webdriver.exceptions.ElementShouldBeEnabledException;Expected enabled element was not enabled;Join.java","projectKey":"","annotatedResult":"FAILURE","sessionId":"7094acaab79a284fd6a532a0e75050c2","driver":"chrome:brandon","isManualTestingUpToDate":false,"manual":false,"testSource":"Cucumber","actors":[{"name":"Brandon","can":["browse the web"]}],"result":"FAILURE"}